0 silly argv {
0 silly argv   _: [ 'version' ],
0 silly argv   preid: 'canary',
0 silly argv   'force-publish': true,
0 silly argv   forcePublish: true,
0 silly argv   yes: true,
0 silly argv   y: true,
0 silly argv   lernaVersion: '4.0.0',
0 silly argv   '$0': '/opt/homebrew/bin/lerna',
0 silly argv   bump: 'prerelease'
0 silly argv }
1 notice cli v4.0.0
2 verbose rootPath /Users/prashantpathak/Desktop/Lerna-test/LENRA_PACKAGE
3 info versioning independent
4 silly isAnythingCommitted
5 verbose isAnythingCommitted 1
6 silly getCurrentBranch
7 verbose currentBranch test
8 silly remoteBranchExists
9 silly isBehindUpstream
10 silly isBehindUpstream test is behind origin/test by 0 commit(s) and ahead by 2
11 silly hasTags
12 verbose hasTags true
13 silly git-describe.sync "@lerna_package/vaultenv@0.0.0-beta.1-0-g2e11310-dirty" => {"lastTagName":"@lerna_package/vaultenv@0.0.0-beta.1","lastVersion":"0.0.0-beta.1","refCount":"0","sha":"2e11310","isDirty":true}
14 warn force-publish all packages
15 info Assuming all packages changed
16 verbose updated @lerna_package/package_two
17 verbose updated @lerna_package/vaultenv
18 info auto-confirmed
19 info execute Skipping releases
20 silly lifecycle No script for "preversion" in "nucleus-packages", continuing
21 silly lifecycle No script for "preversion" in "@lerna_package/package_two", continuing
22 silly lifecycle No script for "preversion" in "@lerna_package/vaultenv", continuing
23 silly lifecycle No script for "version" in "@lerna_package/vaultenv", continuing
24 silly independent for @lerna_package/vaultenv at /Users/prashantpathak/Desktop/Lerna-test/LENRA_PACKAGE/packages/vaultenv
25 verbose getChangelogConfig using preset "conventional-changelog-angular"
26 silly npa Result {
26 silly npa   type: 'tag',
26 silly npa   registry: true,
26 silly npa   where: undefined,
26 silly npa   raw: 'conventional-changelog-angular',
26 silly npa   name: 'conventional-changelog-angular',
26 silly npa   escapedName: 'conventional-changelog-angular',
26 silly npa   scope: undefined,
26 silly npa   rawSpec: '',
26 silly npa   saveSpec: null,
26 silly npa   fetchSpec: 'latest',
26 silly npa   gitRange: undefined,
26 silly npa   gitCommittish: undefined,
26 silly npa   hosted: undefined
26 silly npa }
27 verbose getChangelogConfig Attempting to resolve preset "conventional-changelog-angular"
28 info getChangelogConfig Successfully resolved preset "conventional-changelog-angular"
29 silly lifecycle No script for "version" in "@lerna_package/package_two", continuing
30 silly independent for @lerna_package/package_two at /Users/prashantpathak/Desktop/Lerna-test/LENRA_PACKAGE/packages/package_two
31 silly independent writing new entry: "# [0.0.0-canary.0](https://github.com/prashant9428/LENRA_PACKAGE/compare/@lerna_package/vaultenv@0.0.0-beta.1...@lerna_package/vaultenv@0.0.0-canary.0) (2022-05-03)\n\n**Note:** Version bump only for package @lerna_package/vaultenv\n\n\n\n"
32 verbose independent wrote /Users/prashantpathak/Desktop/Lerna-test/LENRA_PACKAGE/packages/vaultenv/CHANGELOG.md
33 silly independent writing new entry: "## [0.0.1-canary.0](https://github.com/prashant9428/LENRA_PACKAGE/compare/@lerna_package/package_two@0.1.15-canary.95...@lerna_package/package_two@0.0.1-canary.0) (2022-05-03)\n\n\n\n# 0.0.0-canary.1 (2022-05-03)\n\n\n### Bug Fixes\n\n* added lerna in dev pipeline ([832a2f0](https://github.com/prashant9428/LENRA_PACKAGE/commit/832a2f0f15e915d76f85f75e6fec15446329fac1))\n* added lerna in dev pipeline ([f810d13](https://github.com/prashant9428/LENRA_PACKAGE/commit/f810d13c88d78b1730a18da2251c860f951c3784))\n* added lerna in dev pipeline ([7abc1bd](https://github.com/prashant9428/LENRA_PACKAGE/commit/7abc1bd4e5fe73309010e3b06c01c6957f1e2415))\n* added lerna in dev pipeline ([42fb1d6](https://github.com/prashant9428/LENRA_PACKAGE/commit/42fb1d6e28c263b1b3a5a6d9834197300defecaf))\n* added lerna in dev pipeline ([aaec5cc](https://github.com/prashant9428/LENRA_PACKAGE/commit/aaec5cc39c8727dec4d418f1d996fa3cc72cbc30))\n\n\n\n"
34 verbose independent wrote /Users/prashantpathak/Desktop/Lerna-test/LENRA_PACKAGE/packages/package_two/CHANGELOG.md
35 silly lifecycle No script for "version" in "nucleus-packages", continuing
36 silly gitAdd [
36 silly gitAdd   'packages/vaultenv/package.json',
36 silly gitAdd   'packages/package_two/package.json',
36 silly gitAdd   'packages/vaultenv/CHANGELOG.md',
36 silly gitAdd   'packages/package_two/CHANGELOG.md'
36 silly gitAdd ]
37 silly gitCommit Publish
37 silly gitCommit
37 silly gitCommit  - @lerna_package/package_two@0.0.1-canary.0
37 silly gitCommit  - @lerna_package/vaultenv@0.0.0-canary.0
38 verbose git [
38 verbose git   'commit',
38 verbose git   '-F',
38 verbose git   '/private/var/folders/41/_bx4hvwj40d3tkbcxqr1s1bc0000gn/T/61974edf-07d4-4da9-9168-8ceb498f459a/lerna-commit.txt'
38 verbose git ]
39 silly gitTag @lerna_package/package_two@0.0.1-canary.0
40 verbose git [
40 verbose git   'tag',
40 verbose git   '@lerna_package/package_two@0.0.1-canary.0',
40 verbose git   '-m',
40 verbose git   '@lerna_package/package_two@0.0.1-canary.0'
40 verbose git ]
41 silly gitTag @lerna_package/vaultenv@0.0.0-canary.0
42 verbose git [
42 verbose git   'tag',
42 verbose git   '@lerna_package/vaultenv@0.0.0-canary.0',
42 verbose git   '-m',
42 verbose git   '@lerna_package/vaultenv@0.0.0-canary.0'
42 verbose git ]
43 error Error: Command failed with exit code 128: git tag @lerna_package/package_two@0.0.1-canary.0 -m @lerna_package/package_two@0.0.1-canary.0
43 error fatal: tag '@lerna_package/package_two@0.0.1-canary.0' already exists
43 error     at makeError (/opt/homebrew/lib/node_modules/lerna/node_modules/execa/lib/error.js:60:11)
43 error     at handlePromise (/opt/homebrew/lib/node_modules/lerna/node_modules/execa/index.js:118:26)
43 error     at processTicksAndRejections (internal/process/task_queues.js:95:5)
43 error     at async Promise.all (index 0)
43 error     at async Promise.all (index 0)
